android/app/build/intermediates/manifest_merge_blame_file/stageRelease/processStageReleaseMainManifest/manifest-merger-blame-stage-release-report.txt
1<?xml version="1.0" encoding="utf-8"?>
2<manifest xmlns:android="http://schemas.android.com/apk/res/android"
3    package="com.example.truckercore1.stage"
4    android:versionCode="1"
5    android:versionName="1.0.0-stage" >
6
7    <uses-sdk
8        android:minSdkVersion="24"
9        android:targetSdkVersion="36" />
10
11    <uses-permission android:name="android.permission.INTERNET" />
11-->src\main\AndroidManifest.xml:2:5-67
11-->src\main\AndroidManifest.xml:2:22-64
12    <uses-permission android:name="android.permission.ACCESS_COARSE_LOCATION" />
12-->src\main\AndroidManifest.xml:3:5-81
12-->src\main\AndroidManifest.xml:3:22-78
13    <uses-permission android:name="android.permission.ACCESS_FINE_LOCATION" />
13-->src\main\AndroidManifest.xml:4:5-79
13-->src\main\AndroidManifest.xml:4:22-76
14    <!--
15         Required to query activities that can process text, see:
16         https://developer.android.com/training/package-visibility and
17         https://developer.android.com/reference/android/content/Intent#ACTION_PROCESS_TEXT.
18
19         In particular, this is used by the Flutter engine in io.flutter.plugin.text.ProcessTextPlugin.
20    -->
21    <queries>
21-->src\main\AndroidManifest.xml:42:5-47:15
22        <intent>
22-->src\main\AndroidManifest.xml:43:9-46:18
23            <action android:name="android.intent.action.PROCESS_TEXT" />
23-->src\main\AndroidManifest.xml:44:13-72
23-->src\main\AndroidManifest.xml:44:21-70
24
25            <data android:mimeType="text/plain" />
25-->src\main\AndroidManifest.xml:45:13-50
25-->src\main\AndroidManifest.xml:45:19-48
26        </intent>
27    </queries>
28
29    <permission
29-->[androidx.core:core:1.13.1] AndroidManifest.xml:22:5-24:47
30        android:name="com.example.truckercore1.stage.DYNAMIC_RECEIVER_NOT_EXPORTED_PERMISSION"
30-->[androidx.core:core:1.13.1] AndroidManifest.xml:23:9-81
31        android:protectionLevel="signature" />
31-->[androidx.core:core:1.13.1] AndroidManifest.xml:24:9-44
32
33    <uses-permission android:name="com.example.truckercore1.stage.DYNAMIC_RECEIVER_NOT_EXPORTED_PERMISSION" /> <!-- Permission will be merged into the manifest of the hosting app. -->
33-->[androidx.core:core:1.13.1] AndroidManifest.xml:26:5-97
33-->[androidx.core:core:1.13.1] AndroidManifest.xml:26:22-94
34    <!-- Is required to launch foreground extraction service for targetSdkVersion 28+. -->
35    <uses-permission android:name="android.permission.FOREGROUND_SERVICE" />
35-->[com.google.android.play:core:1.10.3] AndroidManifest.xml:13:5-77
35-->[com.google.android.play:core:1.10.3] AndroidManifest.xml:13:22-74
36
37    <application
38        android:name="android.app.Application"
38-->src\main\AndroidManifest.xml:7:9-42
39        android:appComponentFactory="androidx.core.app.CoreComponentFactory"
39-->[androidx.core:core:1.13.1] AndroidManifest.xml:28:18-86
40        android:extractNativeLibs="false"
41        android:icon="@mipmap/ic_launcher"
41-->src\main\AndroidManifest.xml:8:9-43
42        android:label="truckercore1" >
42-->src\main\AndroidManifest.xml:6:9-37
43        <activity
43-->src\main\AndroidManifest.xml:9:9-30:20
44            android:name="com.example.truckercore1.MainActivity"
44-->src\main\AndroidManifest.xml:10:13-41
45            android:configChanges="orientation|keyboardHidden|keyboard|screenSize|smallestScreenSize|locale|layoutDirection|fontScale|screenLayout|density|uiMode"
45-->src\main\AndroidManifest.xml:15:13-163
46            android:exported="true"
46-->src\main\AndroidManifest.xml:11:13-36
47            android:hardwareAccelerated="true"
47-->src\main\AndroidManifest.xml:16:13-47
48            android:launchMode="singleTop"
48-->src\main\AndroidManifest.xml:12:13-43
49            android:taskAffinity=""
49-->src\main\AndroidManifest.xml:13:13-36
50            android:theme="@style/LaunchTheme"
50-->src\main\AndroidManifest.xml:14:13-47
51            android:windowSoftInputMode="adjustResize" >
51-->src\main\AndroidManifest.xml:17:13-55
52
53            <!--
54                 Specifies an Android theme to apply to this Activity as soon as
55                 the Android process has started. This theme is visible to the user
56                 while the Flutter UI initializes. After that, this theme continues
57                 to determine the Window background behind the Flutter UI.
58            -->
59            <meta-data
59-->src\main\AndroidManifest.xml:22:13-25:17
60                android:name="io.flutter.embedding.android.NormalTheme"
60-->src\main\AndroidManifest.xml:23:15-70
61                android:resource="@style/NormalTheme" />
61-->src\main\AndroidManifest.xml:24:15-52
62
63            <intent-filter>
63-->src\main\AndroidManifest.xml:26:13-29:29
64                <action android:name="android.intent.action.MAIN" />
64-->src\main\AndroidManifest.xml:27:17-68
64-->src\main\AndroidManifest.xml:27:25-66
65
66                <category android:name="android.intent.category.LAUNCHER" />
66-->src\main\AndroidManifest.xml:28:17-76
66-->src\main\AndroidManifest.xml:28:27-74
67            </intent-filter>
68        </activity>
69        <!--
70             Don't delete the meta-data below.
71             This is used by the Flutter tool to generate GeneratedPluginRegistrant.java
72        -->
73        <meta-data
73-->src\main\AndroidManifest.xml:33:9-35:33
74            android:name="flutterEmbedding"
74-->src\main\AndroidManifest.xml:34:13-44
75            android:value="2" />
75-->src\main\AndroidManifest.xml:35:13-30
76
77        <uses-library
77-->[androidx.window:window:1.2.0] AndroidManifest.xml:23:9-25:40
78            android:name="androidx.window.extensions"
78-->[androidx.window:window:1.2.0] AndroidManifest.xml:24:13-54
79            android:required="false" />
79-->[androidx.window:window:1.2.0] AndroidManifest.xml:25:13-37
80        <uses-library
80-->[androidx.window:window:1.2.0] AndroidManifest.xml:26:9-28:40
81            android:name="androidx.window.sidecar"
81-->[androidx.window:window:1.2.0] AndroidManifest.xml:27:13-51
82            android:required="false" />
82-->[androidx.window:window:1.2.0] AndroidManifest.xml:28:13-37
83
84        <provider
84-->[androidx.lifecycle:lifecycle-process:2.7.0] AndroidManifest.xml:24:9-32:20
85            android:name="androidx.startup.InitializationProvider"
85-->[androidx.lifecycle:lifecycle-process:2.7.0] AndroidManifest.xml:25:13-67
86            android:authorities="com.example.truckercore1.stage.androidx-startup"
86-->[androidx.lifecycle:lifecycle-process:2.7.0] AndroidManifest.xml:26:13-68
87            android:exported="false" >
87-->[androidx.lifecycle:lifecycle-process:2.7.0] AndroidManifest.xml:27:13-37
88            <meta-data
88-->[androidx.lifecycle:lifecycle-process:2.7.0] AndroidManifest.xml:29:13-31:52
89                android:name="androidx.lifecycle.ProcessLifecycleInitializer"
89-->[androidx.lifecycle:lifecycle-process:2.7.0] AndroidManifest.xml:30:17-78
90                android:value="androidx.startup" />
90-->[androidx.lifecycle:lifecycle-process:2.7.0] AndroidManifest.xml:31:17-49
91            <meta-data
91-->[androidx.profileinstaller:profileinstaller:1.3.1] AndroidManifest.xml:29:13-31:52
92                android:name="androidx.profileinstaller.ProfileInstallerInitializer"
92-->[androidx.profileinstaller:profileinstaller:1.3.1] AndroidManifest.xml:30:17-85
93                android:value="androidx.startup" />
93-->[androidx.profileinstaller:profileinstaller:1.3.1] AndroidManifest.xml:31:17-49
94        </provider>
95
96        <receiver
96-->[androidx.profileinstaller:profileinstaller:1.3.1] AndroidManifest.xml:34:9-52:20
97            android:name="androidx.profileinstaller.ProfileInstallReceiver"
97-->[androidx.profileinstaller:profileinstaller:1.3.1] AndroidManifest.xml:35:13-76
98            android:directBootAware="false"
98-->[androidx.profileinstaller:profileinstaller:1.3.1] AndroidManifest.xml:36:13-44
99            android:enabled="true"
99-->[androidx.profileinstaller:profileinstaller:1.3.1] AndroidManifest.xml:37:13-35
100            android:exported="true"
100-->[androidx.profileinstaller:profileinstaller:1.3.1] AndroidManifest.xml:38:13-36
101            android:permission="android.permission.DUMP" >
101-->[androidx.profileinstaller:profileinstaller:1.3.1] AndroidManifest.xml:39:13-57
102            <intent-filter>
102-->[androidx.profileinstaller:profileinstaller:1.3.1] AndroidManifest.xml:40:13-42:29
103                <action android:name="androidx.profileinstaller.action.INSTALL_PROFILE" />
103-->[androidx.profileinstaller:profileinstaller:1.3.1] AndroidManifest.xml:41:17-91
103-->[androidx.profileinstaller:profileinstaller:1.3.1] AndroidManifest.xml:41:25-88
104            </intent-filter>
105            <intent-filter>
105-->[androidx.profileinstaller:profileinstaller:1.3.1] AndroidManifest.xml:43:13-45:29
106                <action android:name="androidx.profileinstaller.action.SKIP_FILE" />
106-->[androidx.profileinstaller:profileinstaller:1.3.1] AndroidManifest.xml:44:17-85
106-->[androidx.profileinstaller:profileinstaller:1.3.1] AndroidManifest.xml:44:25-82
107            </intent-filter>
108            <intent-filter>
108-->[androidx.profileinstaller:profileinstaller:1.3.1] AndroidManifest.xml:46:13-48:29
109                <action android:name="androidx.profileinstaller.action.SAVE_PROFILE" />
109-->[androidx.profileinstaller:profileinstaller:1.3.1] AndroidManifest.xml:47:17-88
109-->[androidx.profileinstaller:profileinstaller:1.3.1] AndroidManifest.xml:47:25-85
110            </intent-filter>
111            <intent-filter>
111-->[androidx.profileinstaller:profileinstaller:1.3.1] AndroidManifest.xml:49:13-51:29
112                <action android:name="androidx.profileinstaller.action.BENCHMARK_OPERATION" />
112-->[androidx.profileinstaller:profileinstaller:1.3.1] AndroidManifest.xml:50:17-95
112-->[androidx.profileinstaller:profileinstaller:1.3.1] AndroidManifest.xml:50:25-92
113            </intent-filter>
114        </receiver> <!-- The activities will be merged into the manifest of the hosting app. -->
115        <activity
115-->[com.google.android.play:core:1.10.3] AndroidManifest.xml:18:9-24:45
116            android:name="com.google.android.play.core.missingsplits.PlayCoreMissingSplitsActivity"
116-->[com.google.android.play:core:1.10.3] AndroidManifest.xml:19:13-100
117            android:enabled="false"
117-->[com.google.android.play:core:1.10.3] AndroidManifest.xml:20:13-36
118            android:exported="false"
118-->[com.google.android.play:core:1.10.3] AndroidManifest.xml:21:13-37
119            android:launchMode="singleInstance"
119-->[com.google.android.play:core:1.10.3] AndroidManifest.xml:22:13-48
120            android:process=":playcore_missing_splits_activity"
120-->[com.google.android.play:core:1.10.3] AndroidManifest.xml:23:13-64
121            android:stateNotNeeded="true" />
121-->[com.google.android.play:core:1.10.3] AndroidManifest.xml:24:13-42
122        <activity
122-->[com.google.android.play:core:1.10.3] AndroidManifest.xml:25:9-29:65
123            android:name="com.google.android.play.core.common.PlayCoreDialogWrapperActivity"
123-->[com.google.android.play:core:1.10.3] AndroidManifest.xml:26:13-93
124            android:exported="false"
124-->[com.google.android.play:core:1.10.3] AndroidManifest.xml:27:13-37
125            android:stateNotNeeded="true"
125-->[com.google.android.play:core:1.10.3] AndroidManifest.xml:28:13-42
126            android:theme="@style/Theme.PlayCore.Transparent" /> <!-- The services will be merged into the manifest of the hosting app. -->
126-->[com.google.android.play:core:1.10.3] AndroidManifest.xml:29:13-62
127        <service
127-->[com.google.android.play:core:1.10.3] AndroidManifest.xml:32:9-39:19
128            android:name="com.google.android.play.core.assetpacks.AssetPackExtractionService"
128-->[com.google.android.play:core:1.10.3] AndroidManifest.xml:33:13-94
129            android:enabled="false"
129-->[com.google.android.play:core:1.10.3] AndroidManifest.xml:34:13-36
130            android:exported="true" >
130-->[com.google.android.play:core:1.10.3] AndroidManifest.xml:35:13-36
131            <meta-data
131-->[com.google.android.play:core:1.10.3] AndroidManifest.xml:36:13-38:41
132                android:name="com.google.android.play.core.assetpacks.versionCode"
132-->[com.google.android.play:core:1.10.3] AndroidManifest.xml:37:17-83
133                android:value="11003" />
133-->[com.google.android.play:core:1.10.3] AndroidManifest.xml:38:17-38
134        </service>
135        <service
135-->[com.google.android.play:core:1.10.3] AndroidManifest.xml:40:9-43:40
136            android:name="com.google.android.play.core.assetpacks.ExtractionForegroundService"
136-->[com.google.android.play:core:1.10.3] AndroidManifest.xml:41:13-95
137            android:enabled="false"
137-->[com.google.android.play:core:1.10.3] AndroidManifest.xml:42:13-36
138            android:exported="false" />
138-->[com.google.android.play:core:1.10.3] AndroidManifest.xml:43:13-37
139    </application>
140
141</manifest>